<?xml version="1.0" encoding="UTF-8"?>
<!-- Generated by org.testng.reporters.JUnitReportReporter -->
<testsuite hostname="RG-L200315-1397" failures="0" tests="1" name="Jenkins_01.Orange_Title" time="6.570" errors="0" timestamp="2025-05-25T23:51:32 IST" skipped="0">
  <testcase classname="Jenkins_01.Orange_Title" name="startbrowser" time="6.570"/>
</testsuite> <!-- Jenkins_01.Orange_Title -->
