<?xml version="1.0" encoding="UTF-8"?>
<!-- Generated by org.testng.reporters.JUnitReportReporter -->
<testsuite hostname="RG-L200315-1397" failures="0" tests="1" name="Jenkins_01.Orange_Title" time="4.449" errors="0" timestamp="2025-05-25T12:58:40 IST" skipped="0">
  <testcase classname="Jenkins_01.Orange_Title" name="startbrowser" time="4.449"/>
</testsuite> <!-- Jenkins_01.Orange_Title -->
